#
# There is insufficient memory for the Java Runtime Environment to continue.
# Native memory allocation (malloc) failed to allocate 884816 bytes for Chunk::new
# Possible reasons:
#   The system is out of physical RAM or swap space
#   The process is running with CompressedOops enabled, and the Java Heap may be blocking the growth of the native heap
# Possible solutions:
#   Reduce memory load on the system
#   Increase physical memory or swap space
#   Check if swap backing store is full
#   Decrease Java heap size (-Xmx/-Xms)
#   Decrease number of Java threads
#   Decrease Java thread stack sizes (-Xss)
#   Set larger code cache with -XX:ReservedCodeCacheSize=
#   JVM is running with Zero Based Compressed Oops mode in which the Java heap is
#     placed in the first 32GB address space. The Java Heap base address is the
#     maximum limit for the native heap growth. Please use -XX:HeapBaseMinAddress
#     to set the Java Heap base and to place the Java Heap above 32GB virtual address.
# This output file may be truncated or incomplete.
#
#  Out of Memory Error (arena.cpp:184), pid=14844, tid=7204
#
# JRE version: Java(TM) SE Runtime Environment (18.0+36) (build 18+36-2087)
# Java VM: Java HotSpot(TM) 64-Bit Server VM (18+36-2087, mixed mode, sharing, tiered, compressed oops, compressed class ptrs, g1 gc, windows-amd64)
# No core dump will be written. Minidumps are not enabled by default on client versions of Windows
#

---------------  S U M M A R Y ------------

Command Line: -ea -Didea.test.cyclic.buffer.size=1048576 -javaagent:D:\my\IntelliJ IDEA 2021.3.2\lib\idea_rt.jar=60810:D:\my\IntelliJ IDEA 2021.3.2\bin -Dfile.encoding=UTF-8 com.intellij.rt.junit.JUnitStarter -ideVersion5 -junit5 com.example.demo.service.PersonServiceTest

Host: Intel(R) Core(TM) i7-8565U CPU @ 1.80GHz, 8 cores, 15G,  Windows 10 , 64 bit Build 19041 (10.0.19041.1806)
Time: Mon Aug  1 16:05:35 2022  Windows 10 , 64 bit Build 19041 (10.0.19041.1806) elapsed time: 1.173114 seconds (0d 0h 0m 1s)

---------------  T H R E A D  ---------------

Current thread (0x000001dfffc52b30):  JavaThread "C2 CompilerThread0" daemon [_thread_in_native, id=7204, stack(0x000000841a300000,0x000000841a400000)]


Current CompileTask:
C2:   1173 1489       4       jdk.internal.loader.URLClassPath::getResource (74 bytes)

Stack: [0x000000841a300000,0x000000841a400000]
Native frames: (J=compiled Java code, j=interpreted, Vv=VM code, C=native code)
V  [jvm.dll+0x69804a]
V  [jvm.dll+0x7f308d]
V  [jvm.dll+0x7f499e]
V  [jvm.dll+0x7f5053]
V  [jvm.dll+0x25ca3f]
V  [jvm.dll+0xb8c2f]
V  [jvm.dll+0xb8fa5]
V  [jvm.dll+0x385a31]
V  [jvm.dll+0x1d29a8]
V  [jvm.dll+0x22fd79]
V  [jvm.dll+0x22eff1]
V  [jvm.dll+0x1b9cfc]
V  [jvm.dll+0x23e8ca]
V  [jvm.dll+0x23cbac]
V  [jvm.dll+0x7a5781]
V  [jvm.dll+0x79fbba]
V  [jvm.dll+0x696ef5]
C  [ucrtbase.dll+0x21bb2]
C  [KERNEL32.DLL+0x17034]
C  [ntdll.dll+0x52651]


---------------  P R O C E S S  ---------------

Threads class SMR info:
_java_thread_list=0x000001df9bdceda0, length=15, elements={
0x000001dff3e31160, 0x000001dfffc2dcb0, 0x000001dfffc2e820, 0x000001dfffc4ac70,
0x000001dfffc4b520, 0x000001dfffc4dde0, 0x000001dfffc4e7d0, 0x000001dfffc52b30,
0x000001dfffc5b570, 0x000001dfffc67650, 0x000001df9b04ba60, 0x000001df9b253990,
0x000001df9b198b80, 0x000001df9b721940, 0x000001df9bf0a9a0
}

Java Threads: ( => current thread )
  0x000001dff3e31160 JavaThread "main" [_thread_in_Java, id=9260, stack(0x0000008419600000,0x0000008419700000)]
  0x000001dfffc2dcb0 JavaThread "Reference Handler" daemon [_thread_blocked, id=16248, stack(0x0000008419d00000,0x0000008419e00000)]
  0x000001dfffc2e820 JavaThread "Finalizer" daemon [_thread_blocked, id=23548, stack(0x0000008419e00000,0x0000008419f00000)]
  0x000001dfffc4ac70 JavaThread "Signal Dispatcher" daemon [_thread_blocked, id=9648, stack(0x0000008419f00000,0x000000841a000000)]
  0x000001dfffc4b520 JavaThread "Attach Listener" daemon [_thread_blocked, id=19552, stack(0x000000841a000000,0x000000841a100000)]
  0x000001dfffc4dde0 JavaThread "Service Thread" daemon [_thread_blocked, id=15580, stack(0x000000841a100000,0x000000841a200000)]
  0x000001dfffc4e7d0 JavaThread "Monitor Deflation Thread" daemon [_thread_blocked, id=12844, stack(0x000000841a200000,0x000000841a300000)]
=>0x000001dfffc52b30 JavaThread "C2 CompilerThread0" daemon [_thread_in_native, id=7204, stack(0x000000841a300000,0x000000841a400000)]
  0x000001dfffc5b570 JavaThread "C1 CompilerThread0" daemon [_thread_blocked, id=3384, stack(0x000000841a400000,0x000000841a500000)]
  0x000001dfffc67650 JavaThread "Sweeper thread" daemon [_thread_blocked, id=10460, stack(0x000000841a500000,0x000000841a600000)]
  0x000001df9b04ba60 JavaThread "Common-Cleaner" daemon [_thread_blocked, id=20600, stack(0x000000841a600000,0x000000841a700000)]
  0x000001df9b253990 JavaThread "Monitor Ctrl-Break" daemon [_thread_in_native, id=18900, stack(0x000000841a700000,0x000000841a800000)]
  0x000001df9b198b80 JavaThread "Notification Thread" daemon [_thread_blocked, id=20444, stack(0x000000841a800000,0x000000841a900000)]
  0x000001df9b721940 JavaThread "C2 CompilerThread1" daemon [_thread_blocked, id=10492, stack(0x000000841aa00000,0x000000841ab00000)]
  0x000001df9bf0a9a0 JavaThread "C2 CompilerThread2" daemon [_thread_blocked, id=12660, stack(0x000000841b000000,0x000000841b100000)]

Other Threads:
  0x000001dff3ec4ea0 VMThread "VM Thread" [stack: 0x0000008419c00000,0x0000008419d00000] [id=12040]
  0x000001df9b1994c0 WatcherThread "VM Periodic Task Thread" [stack: 0x000000841a900000,0x000000841aa00000] [id=19012]
  0x000001dff3ea1280 WorkerThread "GC Thread#0" [stack: 0x0000008419700000,0x0000008419800000] [id=22244]
  0x000001df9bdf3990 WorkerThread "GC Thread#1" [stack: 0x000000841ab00000,0x000000841ac00000] [id=12756]
  0x000001df9b72c810 WorkerThread "GC Thread#2" [stack: 0x000000841ac00000,0x000000841ad00000] [id=22088]
  0x000001df9b72cec0 WorkerThread "GC Thread#3" [stack: 0x000000841ad00000,0x000000841ae00000] [id=8228]
  0x000001df9b3fdcb0 WorkerThread "GC Thread#4" [stack: 0x000000841ae00000,0x000000841af00000] [id=3700]
  0x000001df9b3fe850 WorkerThread "GC Thread#5" [stack: 0x000000841af00000,0x000000841b000000] [id=12092]
  0x000001dff3eb2e90 ConcurrentGCThread "G1 Main Marker" [stack: 0x0000008419800000,0x0000008419900000] [id=11276]
  0x000001dff3eb4f40 WorkerThread "G1 Conc#0" [stack: 0x0000008419900000,0x0000008419a00000] [id=4532]
  0x000001dff3eee680 ConcurrentGCThread "G1 Refine#0" [stack: 0x0000008419a00000,0x0000008419b00000] [id=16152]
  0x000001dfffae7130 ConcurrentGCThread "G1 Service" [stack: 0x0000008419b00000,0x0000008419c00000] [id=5304]

Threads with active compile tasks:
C2 CompilerThread0     1214 1489       4       jdk.internal.loader.URLClassPath::getResource (74 bytes)

VM state: not at safepoint (normal execution)

VM Mutex/Monitor currently owned by a thread: None

Heap address: 0x0000000702400000, size: 4060 MB, Compressed Oops mode: Zero based, Oop shift amount: 3

CDS archive(s) mapped at: [0x0000000800000000-0x0000000800ba0000-0x0000000800ba0000), size 12189696, SharedBaseAddress: 0x0000000800000000, ArchiveRelocationMode: 0.
Compressed class space mapped at: 0x0000000800c00000-0x0000000840c00000, reserved size: 1073741824
Narrow klass base: 0x0000000800000000, Narrow klass shift: 0, Narrow klass range: 0x100000000

GC Precious Log:
 CardTable entry size: 512
 Card Set container configuration: InlinePtr #cards 4 size 8 Array Of Cards #cards 16 size 48 Howl #buckets 8 coarsen threshold 3686 Howl Bitmap #cards 512 size 80 coarsen threshold 460 Card regions per heap region 1 cards per card region 4096
 CPUs: 8 total, 8 available
 Memory: 16235M
 Large Page Support: Disabled
 NUMA Support: Disabled
 Compressed Oops: Enabled (Zero based)
 Heap Region Size: 2M
 Heap Min Capacity: 8M
 Heap Initial Capacity: 254M
 Heap Max Capacity: 4060M
 Pre-touch: Disabled
 Parallel Workers: 8
 Concurrent Workers: 2
 Concurrent Refinement Workers: 8
 Periodic GC: Disabled

Heap:
 garbage-first heap   total 260096K, used 22639K [0x0000000702400000, 0x0000000800000000)
  region size 2048K, 11 young (22528K), 2 survivors (4096K)
 Metaspace       used 9553K, committed 9792K, reserved 1114112K
  class space    used 1157K, committed 1280K, reserved 1048576K

Heap Regions: E=young(eden), S=young(survivor), O=old, HS=humongous(starts), HC=humongous(continues), CS=collection set, F=free, OA=open archive, CA=closed archive, TAMS=top-at-mark-start (previous, next)
|   0|0x0000000702400000, 0x0000000702600000, 0x0000000702600000|100%| O|  |TAMS 0x0000000702400000, 0x0000000702400000| Untracked 
|   1|0x0000000702600000, 0x000000070261bc00, 0x0000000702800000|  5%| O|  |TAMS 0x0000000702600000, 0x0000000702600000| Untracked 
|   2|0x0000000702800000, 0x0000000702800000, 0x0000000702a00000|  0%| F|  |TAMS 0x0000000702800000, 0x0000000702800000| Untracked 
|   3|0x0000000702a00000, 0x0000000702a00000, 0x0000000702c00000|  0%| F|  |TAMS 0x0000000702a00000, 0x0000000702a00000| Untracked 
|   4|0x0000000702c00000, 0x0000000702c00000, 0x0000000702e00000|  0%| F|  |TAMS 0x0000000702c00000, 0x0000000702c00000| Untracked 
|   5|0x0000000702e00000, 0x0000000702e00000, 0x0000000703000000|  0%| F|  |TAMS 0x0000000702e00000, 0x0000000702e00000| Untracked 
|   6|0x0000000703000000, 0x0000000703000000, 0x0000000703200000|  0%| F|  |TAMS 0x0000000703000000, 0x0000000703000000| Untracked 
|   7|0x0000000703200000, 0x0000000703200000, 0x0000000703400000|  0%| F|  |TAMS 0x0000000703200000, 0x0000000703200000| Untracked 
|   8|0x0000000703400000, 0x0000000703400000, 0x0000000703600000|  0%| F|  |TAMS 0x0000000703400000, 0x0000000703400000| Untracked 
|   9|0x0000000703600000, 0x0000000703600000, 0x0000000703800000|  0%| F|  |TAMS 0x0000000703600000, 0x0000000703600000| Untracked 
|  10|0x0000000703800000, 0x0000000703800000, 0x0000000703a00000|  0%| F|  |TAMS 0x0000000703800000, 0x0000000703800000| Untracked 
|  11|0x0000000703a00000, 0x0000000703a00000, 0x0000000703c00000|  0%| F|  |TAMS 0x0000000703a00000, 0x0000000703a00000| Untracked 
|  12|0x0000000703c00000, 0x0000000703c00000, 0x0000000703e00000|  0%| F|  |TAMS 0x0000000703c00000, 0x0000000703c00000| Untracked 
|  13|0x0000000703e00000, 0x0000000703e00000, 0x0000000704000000|  0%| F|  |TAMS 0x0000000703e00000, 0x0000000703e00000| Untracked 
|  14|0x0000000704000000, 0x0000000704000000, 0x0000000704200000|  0%| F|  |TAMS 0x0000000704000000, 0x0000000704000000| Untracked 
|  15|0x0000000704200000, 0x0000000704200000, 0x0000000704400000|  0%| F|  |TAMS 0x0000000704200000, 0x0000000704200000| Untracked 
|  16|0x0000000704400000, 0x0000000704400000, 0x0000000704600000|  0%| F|  |TAMS 0x0000000704400000, 0x0000000704400000| Untracked 
|  17|0x0000000704600000, 0x0000000704600000, 0x0000000704800000|  0%| F|  |TAMS 0x0000000704600000, 0x0000000704600000| Untracked 
|  18|0x0000000704800000, 0x0000000704800000, 0x0000000704a00000|  0%| F|  |TAMS 0x0000000704800000, 0x0000000704800000| Untracked 
|  19|0x0000000704a00000, 0x0000000704a00000, 0x0000000704c00000|  0%| F|  |TAMS 0x0000000704a00000, 0x0000000704a00000| Untracked 
|  20|0x0000000704c00000, 0x0000000704c00000, 0x0000000704e00000|  0%| F|  |TAMS 0x0000000704c00000, 0x0000000704c00000| Untracked 
|  21|0x0000000704e00000, 0x0000000704e00000, 0x0000000705000000|  0%| F|  |TAMS 0x0000000704e00000, 0x0000000704e00000| Untracked 
|  22|0x0000000705000000, 0x0000000705000000, 0x0000000705200000|  0%| F|  |TAMS 0x0000000705000000, 0x0000000705000000| Untracked 
|  23|0x0000000705200000, 0x0000000705200000, 0x0000000705400000|  0%| F|  |TAMS 0x0000000705200000, 0x0000000705200000| Untracked 
|  24|0x0000000705400000, 0x0000000705400000, 0x0000000705600000|  0%| F|  |TAMS 0x0000000705400000, 0x0000000705400000| Untracked 
|  25|0x0000000705600000, 0x0000000705600000, 0x0000000705800000|  0%| F|  |TAMS 0x0000000705600000, 0x0000000705600000| Untracked 
|  26|0x0000000705800000, 0x0000000705800000, 0x0000000705a00000|  0%| F|  |TAMS 0x0000000705800000, 0x0000000705800000| Untracked 
|  27|0x0000000705a00000, 0x0000000705a00000, 0x0000000705c00000|  0%| F|  |TAMS 0x0000000705a00000, 0x0000000705a00000| Untracked 
|  28|0x0000000705c00000, 0x0000000705c00000, 0x0000000705e00000|  0%| F|  |TAMS 0x0000000705c00000, 0x0000000705c00000| Untracked 
|  29|0x0000000705e00000, 0x0000000705e00000, 0x0000000706000000|  0%| F|  |TAMS 0x0000000705e00000, 0x0000000705e00000| Untracked 
|  30|0x0000000706000000, 0x0000000706000000, 0x0000000706200000|  0%| F|  |TAMS 0x0000000706000000, 0x0000000706000000| Untracked 
|  31|0x0000000706200000, 0x0000000706200000, 0x0000000706400000|  0%| F|  |TAMS 0x0000000706200000, 0x0000000706200000| Untracked 
|  32|0x0000000706400000, 0x0000000706400000, 0x0000000706600000|  0%| F|  |TAMS 0x0000000706400000, 0x0000000706400000| Untracked 
|  33|0x0000000706600000, 0x0000000706600000, 0x0000000706800000|  0%| F|  |TAMS 0x0000000706600000, 0x0000000706600000| Untracked 
|  34|0x0000000706800000, 0x0000000706800000, 0x0000000706a00000|  0%| F|  |TAMS 0x0000000706800000, 0x0000000706800000| Untracked 
|  35|0x0000000706a00000, 0x0000000706a00000, 0x0000000706c00000|  0%| F|  |TAMS 0x0000000706a00000, 0x0000000706a00000| Untracked 
|  36|0x0000000706c00000, 0x0000000706c00000, 0x0000000706e00000|  0%| F|  |TAMS 0x0000000706c00000, 0x0000000706c00000| Untracked 
|  37|0x0000000706e00000, 0x0000000706e00000, 0x0000000707000000|  0%| F|  |TAMS 0x0000000706e00000, 0x0000000706e00000| Untracked 
|  38|0x0000000707000000, 0x0000000707000000, 0x0000000707200000|  0%| F|  |TAMS 0x0000000707000000, 0x0000000707000000| Untracked 
|  39|0x0000000707200000, 0x0000000707200000, 0x0000000707400000|  0%| F|  |TAMS 0x0000000707200000, 0x0000000707200000| Untracked 
|  40|0x0000000707400000, 0x0000000707400000, 0x0000000707600000|  0%| F|  |TAMS 0x0000000707400000, 0x0000000707400000| Untracked 
|  41|0x0000000707600000, 0x0000000707600000, 0x0000000707800000|  0%| F|  |TAMS 0x0000000707600000, 0x0000000707600000| Untracked 
|  42|0x0000000707800000, 0x0000000707800000, 0x0000000707a00000|  0%| F|  |TAMS 0x0000000707800000, 0x0000000707800000| Untracked 
|  43|0x0000000707a00000, 0x0000000707a00000, 0x0000000707c00000|  0%| F|  |TAMS 0x0000000707a00000, 0x0000000707a00000| Untracked 
|  44|0x0000000707c00000, 0x0000000707c00000, 0x0000000707e00000|  0%| F|  |TAMS 0x0000000707c00000, 0x0000000707c00000| Untracked 
|  45|0x0000000707e00000, 0x0000000707e00000, 0x0000000708000000|  0%| F|  |TAMS 0x0000000707e00000, 0x0000000707e00000| Untracked 
|  46|0x0000000708000000, 0x0000000708000000, 0x0000000708200000|  0%| F|  |TAMS 0x0000000708000000, 0x0000000708000000| Untracked 
|  47|0x0000000708200000, 0x0000000708200000, 0x0000000708400000|  0%| F|  |TAMS 0x0000000708200000, 0x0000000708200000| Untracked 
|  48|0x0000000708400000, 0x0000000708400000, 0x0000000708600000|  0%| F|  |TAMS 0x0000000708400000, 0x0000000708400000| Untracked 
|  49|0x0000000708600000, 0x0000000708600000, 0x0000000708800000|  0%| F|  |TAMS 0x0000000708600000, 0x0000000708600000| Untracked 
|  50|0x0000000708800000, 0x0000000708800000, 0x0000000708a00000|  0%| F|  |TAMS 0x0000000708800000, 0x0000000708800000| Untracked 
|  51|0x0000000708a00000, 0x0000000708a00000, 0x0000000708c00000|  0%| F|  |TAMS 0x0000000708a00000, 0x0000000708a00000| Untracked 
|  52|0x0000000708c00000, 0x0000000708c00000, 0x0000000708e00000|  0%| F|  |TAMS 0x0000000708c00000, 0x0000000708c00000| Untracked 
|  53|0x0000000708e00000, 0x0000000708e00000, 0x0000000709000000|  0%| F|  |TAMS 0x0000000708e00000, 0x0000000708e00000| Untracked 
|  54|0x0000000709000000, 0x0000000709000000, 0x0000000709200000|  0%| F|  |TAMS 0x0000000709000000, 0x0000000709000000| Untracked 
|  55|0x0000000709200000, 0x0000000709200000, 0x0000000709400000|  0%| F|  |TAMS 0x0000000709200000, 0x0000000709200000| Untracked 
|  56|0x0000000709400000, 0x0000000709400000, 0x0000000709600000|  0%| F|  |TAMS 0x0000000709400000, 0x0000000709400000| Untracked 
|  57|0x0000000709600000, 0x0000000709600000, 0x0000000709800000|  0%| F|  |TAMS 0x0000000709600000, 0x0000000709600000| Untracked 
|  58|0x0000000709800000, 0x0000000709800000, 0x0000000709a00000|  0%| F|  |TAMS 0x0000000709800000, 0x0000000709800000| Untracked 
|  59|0x0000000709a00000, 0x0000000709a00000, 0x0000000709c00000|  0%| F|  |TAMS 0x0000000709a00000, 0x0000000709a00000| Untracked 
|  60|0x0000000709c00000, 0x0000000709c00000, 0x0000000709e00000|  0%| F|  |TAMS 0x0000000709c00000, 0x0000000709c00000| Untracked 
|  61|0x0000000709e00000, 0x0000000709e00000, 0x000000070a000000|  0%| F|  |TAMS 0x0000000709e00000, 0x0000000709e00000| Untracked 
|  62|0x000000070a000000, 0x000000070a000000, 0x000000070a200000|  0%| F|  |TAMS 0x000000070a000000, 0x000000070a000000| Untracked 
|  63|0x000000070a200000, 0x000000070a200000, 0x000000070a400000|  0%| F|  |TAMS 0x000000070a200000, 0x000000070a200000| Untracked 
|  64|0x000000070a400000, 0x000000070a400000, 0x000000070a600000|  0%| F|  |TAMS 0x000000070a400000, 0x000000070a400000| Untracked 
|  65|0x000000070a600000, 0x000000070a600000, 0x000000070a800000|  0%| F|  |TAMS 0x000000070a600000, 0x000000070a600000| Untracked 
|  66|0x000000070a800000, 0x000000070a800000, 0x000000070aa00000|  0%| F|  |TAMS 0x000000070a800000, 0x000000070a800000| Untracked 
|  67|0x000000070aa00000, 0x000000070aa00000, 0x000000070ac00000|  0%| F|  |TAMS 0x000000070aa00000, 0x000000070aa00000| Untracked 
|  68|0x000000070ac00000, 0x000000070ac00000, 0x000000070ae00000|  0%| F|  |TAMS 0x000000070ac00000, 0x000000070ac00000| Untracked 
|  69|0x000000070ae00000, 0x000000070ae00000, 0x000000070b000000|  0%| F|  |TAMS 0x000000070ae00000, 0x000000070ae00000| Untracked 
|  70|0x000000070b000000, 0x000000070b000000, 0x000000070b200000|  0%| F|  |TAMS 0x000000070b000000, 0x000000070b000000| Untracked 
|  71|0x000000070b200000, 0x000000070b200000, 0x000000070b400000|  0%| F|  |TAMS 0x000000070b200000, 0x000000070b200000| Untracked 
|  72|0x000000070b400000, 0x000000070b400000, 0x000000070b600000|  0%| F|  |TAMS 0x000000070b400000, 0x000000070b400000| Untracked 
|  73|0x000000070b600000, 0x000000070b600000, 0x000000070b800000|  0%| F|  |TAMS 0x000000070b600000, 0x000000070b600000| Untracked 
|  74|0x000000070b800000, 0x000000070b800000, 0x000000070ba00000|  0%| F|  |TAMS 0x000000070b800000, 0x000000070b800000| Untracked 
|  75|0x000000070ba00000, 0x000000070ba00000, 0x000000070bc00000|  0%| F|  |TAMS 0x000000070ba00000, 0x000000070ba00000| Untracked 
|  76|0x000000070bc00000, 0x000000070bc00000, 0x000000070be00000|  0%| F|  |TAMS 0x000000070bc00000, 0x000000070bc00000| Untracked 
|  77|0x000000070be00000, 0x000000070be00000, 0x000000070c000000|  0%| F|  |TAMS 0x000000070be00000, 0x000000070be00000| Untracked 
|  78|0x000000070c000000, 0x000000070c000000, 0x000000070c200000|  0%| F|  |TAMS 0x000000070c000000, 0x000000070c000000| Untracked 
|  79|0x000000070c200000, 0x000000070c200000, 0x000000070c400000|  0%| F|  |TAMS 0x000000070c200000, 0x000000070c200000| Untracked 
|  80|0x000000070c400000, 0x000000070c400000, 0x000000070c600000|  0%| F|  |TAMS 0x000000070c400000, 0x000000070c400000| Untracked 
|  81|0x000000070c600000, 0x000000070c600000, 0x000000070c800000|  0%| F|  |TAMS 0x000000070c600000, 0x000000070c600000| Untracked 
|  82|0x000000070c800000, 0x000000070c800000, 0x000000070ca00000|  0%| F|  |TAMS 0x000000070c800000, 0x000000070c800000| Untracked 
|  83|0x000000070ca00000, 0x000000070ca00000, 0x000000070cc00000|  0%| F|  |TAMS 0x000000070ca00000, 0x000000070ca00000| Untracked 
|  84|0x000000070cc00000, 0x000000070cc00000, 0x000000070ce00000|  0%| F|  |TAMS 0x000000070cc00000, 0x000000070cc00000| Untracked 
|  85|0x000000070ce00000, 0x000000070ce00000, 0x000000070d000000|  0%| F|  |TAMS 0x000000070ce00000, 0x000000070ce00000| Untracked 
|  86|0x000000070d000000, 0x000000070d000000, 0x000000070d200000|  0%| F|  |TAMS 0x000000070d000000, 0x000000070d000000| Untracked 
|  87|0x000000070d200000, 0x000000070d200000, 0x000000070d400000|  0%| F|  |TAMS 0x000000070d200000, 0x000000070d200000| Untracked 
|  88|0x000000070d400000, 0x000000070d400000, 0x000000070d600000|  0%| F|  |TAMS 0x000000070d400000, 0x000000070d400000| Untracked 
|  89|0x000000070d600000, 0x000000070d600000, 0x000000070d800000|  0%| F|  |TAMS 0x000000070d600000, 0x000000070d600000| Untracked 
|  90|0x000000070d800000, 0x000000070d800000, 0x000000070da00000|  0%| F|  |TAMS 0x000000070d800000, 0x000000070d800000| Untracked 
|  91|0x000000070da00000, 0x000000070da00000, 0x000000070dc00000|  0%| F|  |TAMS 0x000000070da00000, 0x000000070da00000| Untracked 
|  92|0x000000070dc00000, 0x000000070dc00000, 0x000000070de00000|  0%| F|  |TAMS 0x000000070dc00000, 0x000000070dc00000| Untracked 
|  93|0x000000070de00000, 0x000000070de00000, 0x000000070e000000|  0%| F|  |TAMS 0x000000070de00000, 0x000000070de00000| Untracked 
|  94|0x000000070e000000, 0x000000070e000000, 0x000000070e200000|  0%| F|  |TAMS 0x000000070e000000, 0x000000070e000000| Untracked 
|  95|0x000000070e200000, 0x000000070e200000, 0x000000070e400000|  0%| F|  |TAMS 0x000000070e200000, 0x000000070e200000| Untracked 
|  96|0x000000070e400000, 0x000000070e400000, 0x000000070e600000|  0%| F|  |TAMS 0x000000070e400000, 0x000000070e400000| Untracked 
|  97|0x000000070e600000, 0x000000070e600000, 0x000000070e800000|  0%| F|  |TAMS 0x000000070e600000, 0x000000070e600000| Untracked 
|  98|0x000000070e800000, 0x000000070e800000, 0x000000070ea00000|  0%| F|  |TAMS 0x000000070e800000, 0x000000070e800000| Untracked 
|  99|0x000000070ea00000, 0x000000070ea00000, 0x000000070ec00000|  0%| F|  |TAMS 0x000000070ea00000, 0x000000070ea00000| Untracked 
| 100|0x000000070ec00000, 0x000000070ec00000, 0x000000070ee00000|  0%| F|  |TAMS 0x000000070ec00000, 0x000000070ec00000| Untracked 
| 101|0x000000070ee00000, 0x000000070ee00000, 0x000000070f000000|  0%| F|  |TAMS 0x000000070ee00000, 0x000000070ee00000| Untracked 
| 102|0x000000070f000000, 0x000000070f000000, 0x000000070f200000|  0%| F|  |TAMS 0x000000070f000000, 0x000000070f000000| Untracked 
| 103|0x000000070f200000, 0x000000070f200000, 0x000000070f400000|  0%| F|  |TAMS 0x000000070f200000, 0x000000070f200000| Untracked 
| 104|0x000000070f400000, 0x000000070f400000, 0x000000070f600000|  0%| F|  |TAMS 0x000000070f400000, 0x000000070f400000| Untracked 
| 105|0x000000070f600000, 0x000000070f600000, 0x000000070f800000|  0%| F|  |TAMS 0x000000070f600000, 0x000000070f600000| Untracked 
| 106|0x000000070f800000, 0x000000070f800000, 0x000000070fa00000|  0%| F|  |TAMS 0x000000070f800000, 0x000000070f800000| Untracked 
| 107|0x000000070fa00000, 0x000000070fa00000, 0x000000070fc00000|  0%| F|  |TAMS 0x000000070fa00000, 0x000000070fa00000| Untracked 
| 108|0x000000070fc00000, 0x000000070fc00000, 0x000000070fe00000|  0%| F|  |TAMS 0x000000070fc00000, 0x000000070fc00000| Untracked 
| 109|0x000000070fe00000, 0x000000070fe00000, 0x0000000710000000|  0%| F|  |TAMS 0x000000070fe00000, 0x000000070fe00000| Untracked 
| 110|0x0000000710000000, 0x0000000710000000, 0x0000000710200000|  0%| F|  |TAMS 0x0000000710000000, 0x0000000710000000| Untracked 
| 111|0x0000000710200000, 0x0000000710200000, 0x0000000710400000|  0%| F|  |TAMS 0x0000000710200000, 0x0000000710200000| Untracked 
| 112|0x0000000710400000, 0x0000000710400000, 0x0000000710600000|  0%| F|  |TAMS 0x0000000710400000, 0x0000000710400000| Untracked 
| 113|0x0000000710600000, 0x0000000710600000, 0x0000000710800000|  0%| F|  |TAMS 0x0000000710600000, 0x0000000710600000| Untracked 
| 114|0x0000000710800000, 0x0000000710a00000, 0x0000000710a00000|100%| S|CS|TAMS 0x0000000710800000, 0x0000000710800000| Complete 
| 115|0x0000000710a00000, 0x0000000710c00000, 0x0000000710c00000|100%| S|CS|TAMS 0x0000000710a00000, 0x0000000710a00000| Complete 
| 116|0x0000000710c00000, 0x0000000710c00000, 0x0000000710e00000|  0%| F|  |TAMS 0x0000000710c00000, 0x0000000710c00000| Untracked 
| 117|0x0000000710e00000, 0x0000000710e00000, 0x0000000711000000|  0%| F|  |TAMS 0x0000000710e00000, 0x0000000710e00000| Untracked 
| 118|0x0000000711000000, 0x00000007110b2228, 0x0000000711200000| 34%| E|  |TAMS 0x0000000711000000, 0x0000000711000000| Complete 
| 119|0x0000000711200000, 0x0000000711400000, 0x0000000711400000|100%| E|CS|TAMS 0x0000000711200000, 0x0000000711200000| Complete 
| 120|0x0000000711400000, 0x0000000711600000, 0x0000000711600000|100%| E|CS|TAMS 0x0000000711400000, 0x0000000711400000| Complete 
| 121|0x0000000711600000, 0x0000000711800000, 0x0000000711800000|100%| E|CS|TAMS 0x0000000711600000, 0x0000000711600000| Complete 
| 122|0x0000000711800000, 0x0000000711a00000, 0x0000000711a00000|100%| E|CS|TAMS 0x0000000711800000, 0x0000000711800000| Complete 
| 123|0x0000000711a00000, 0x0000000711c00000, 0x0000000711c00000|100%| E|CS|TAMS 0x0000000711a00000, 0x0000000711a00000| Complete 
| 124|0x0000000711c00000, 0x0000000711e00000, 0x0000000711e00000|100%| E|CS|TAMS 0x0000000711c00000, 0x0000000711c00000| Complete 
| 125|0x0000000711e00000, 0x0000000712000000, 0x0000000712000000|100%| E|CS|TAMS 0x0000000711e00000, 0x0000000711e00000| Complete 
| 126|0x0000000712000000, 0x0000000712200000, 0x0000000712200000|100%| E|CS|TAMS 0x0000000712000000, 0x0000000712000000| Complete 

Card table byte_map: [0x000001dffc270000,0x000001dffca60000] _byte_map_base: 0x000001dff8a5e000

Marking Bits (Prev, Next): (CMBitMap*) 0x000001dff3ea27a0, (CMBitMap*) 0x000001dff3ea27e0
 Prev Bits: [0x000001df8f000000, 0x000001df92f70000)
 Next Bits: [0x000001df92f70000, 0x000001df96ee0000)

Polling page: 0x000001dff1e00000

Metaspace:

Usage:
  Non-class:      8.24 MB used.
      Class:      1.14 MB used.
       Both:      9.38 MB used.

Virtual space:
  Non-class space:       64.00 MB reserved,       8.38 MB ( 13%) committed,  1 nodes.
      Class space:        1.00 GB reserved,       1.25 MB ( <1%) committed,  1 nodes.
             Both:        1.06 GB reserved,       9.62 MB ( <1%) committed. 

Chunk freelists:
   Non-Class:  3.20 MB
       Class:  2.77 MB
        Both:  5.97 MB

MaxMetaspaceSize: unlimited
CompressedClassSpaceSize: 1.00 GB
Initial GC threshold: 21.00 MB
Current GC threshold: 21.00 MB
CDS: on
MetaspaceReclaimPolicy: balanced
 - commit_granule_bytes: 65536.
 - commit_granule_words: 8192.
 - virtual_space_node_default_size: 8388608.
 - enlarge_chunks_in_place: 1.
 - new_chunks_are_fully_committed: 0.
 - uncommit_free_chunks: 1.
 - use_allocation_guard: 0.


Internal statistics:

num_allocs_failed_limit: 0.
num_arena_births: 116.
num_arena_deaths: 0.
num_vsnodes_births: 2.
num_vsnodes_deaths: 0.
num_space_committed: 154.
num_space_uncommitted: 0.
num_chunks_returned_to_freelist: 0.
num_chunks_taken_from_freelist: 414.
num_chunk_merges: 0.
num_chunk_splits: 258.
num_chunks_enlarged: 193.
num_inconsistent_stats: 0.

CodeHeap 'non-profiled nmethods': size=120000Kb used=543Kb max_used=543Kb free=119456Kb
 bounds [0x000001df87ad0000, 0x000001df87d40000, 0x000001df8f000000]
CodeHeap 'profiled nmethods': size=120000Kb used=3225Kb max_used=3225Kb free=116774Kb
 bounds [0x000001df805a0000, 0x000001df808d0000, 0x000001df87ad0000]
CodeHeap 'non-nmethods': size=5760Kb used=1171Kb max_used=1194Kb free=4588Kb
 bounds [0x000001df80000000, 0x000001df80270000, 0x000001df805a0000]
 total_blobs=2068 nmethods=1614 adapters=367
 compilation: enabled
              stopped_count=0, restarted_count=0
 full_count=0

Compilation events (20 events):
Event: 1.156 Thread 0x000001dfffc5b570 1576       3       sun.reflect.generics.parser.SignatureParser::init (16 bytes)
Event: 1.156 Thread 0x000001dfffc5b570 nmethod 1576 0x000001df808b4e10 code [0x000001df808b4fa0, 0x000001df808b5118]
Event: 1.156 Thread 0x000001dfffc5b570 1577       3       sun.reflect.generics.visitor.Reifier::getResult (26 bytes)
Event: 1.157 Thread 0x000001dfffc5b570 nmethod 1577 0x000001df808b5190 code [0x000001df808b5320, 0x000001df808b5438]
Event: 1.158 Thread 0x000001dfffc5b570 1578       3       sun.reflect.generics.scope.ClassScope::make (9 bytes)
Event: 1.158 Thread 0x000001dfffc5b570 nmethod 1578 0x000001df808b5510 code [0x000001df808b56c0, 0x000001df808b5998]
Event: 1.158 Thread 0x000001dfffc5b570 1579       3       sun.reflect.generics.scope.ClassScope::<init> (6 bytes)
Event: 1.158 Thread 0x000001dfffc5b570 nmethod 1579 0x000001df808b5a90 code [0x000001df808b5c40, 0x000001df808b5e78]
Event: 1.158 Thread 0x000001dfffc5b570 1580       3       sun.reflect.generics.scope.AbstractScope::<init> (10 bytes)
Event: 1.158 Thread 0x000001dfffc5b570 nmethod 1580 0x000001df808b5f90 code [0x000001df808b6120, 0x000001df808b62d8]
Event: 1.158 Thread 0x000001dfffc5b570 1581       3       sun.reflect.generics.factory.CoreReflectionFactory::make (10 bytes)
Event: 1.159 Thread 0x000001dfffc5b570 nmethod 1581 0x000001df808b6390 code [0x000001df808b6540, 0x000001df808b6818]
Event: 1.159 Thread 0x000001dfffc5b570 1582       3       sun.reflect.generics.factory.CoreReflectionFactory::<init> (15 bytes)
Event: 1.159 Thread 0x000001dfffc5b570 nmethod 1582 0x000001df808b6910 code [0x000001df808b6ac0, 0x000001df808b6cf8]
Event: 1.159 Thread 0x000001dfffc5b570 1583       3       java.lang.invoke.VarHandle::checkExactAccessMode (28 bytes)
Event: 1.160 Thread 0x000001dfffc5b570 nmethod 1583 0x000001df808b6d90 code [0x000001df808b6fc0, 0x000001df808b7998]
Event: 1.161 Thread 0x000001df9bf0a9a0 nmethod 1572 0x000001df87b54590 code [0x000001df87b54740, 0x000001df87b54e18]
Event: 1.161 Thread 0x000001df9bf0a9a0 1584       4       sun.reflect.generics.parser.SignatureParser::current (59 bytes)
Event: 1.162 Thread 0x000001df9bf0a9a0 nmethod 1584 0x000001df87b55190 code [0x000001df87b55320, 0x000001df87b55468]
Event: 1.166 Thread 0x000001df9bf0a9a0 1585       4       java.lang.String::regionMatches (150 bytes)

GC Heap History (2 events):
Event: 0.722 GC heap before
{Heap before GC invocations=0 (full 0):
 garbage-first heap   total 260096K, used 22528K [0x0000000702400000, 0x0000000800000000)
  region size 2048K, 11 young (22528K), 0 survivors (0K)
 Metaspace       used 4985K, committed 5184K, reserved 1114112K
  class space    used 612K, committed 704K, reserved 1048576K
}
Event: 0.735 GC heap after
{Heap after GC invocations=1 (full 0):
 garbage-first heap   total 260096K, used 6255K [0x0000000702400000, 0x0000000800000000)
  region size 2048K, 2 young (4096K), 2 survivors (4096K)
 Metaspace       used 4985K, committed 5184K, reserved 1114112K
  class space    used 612K, committed 704K, reserved 1048576K
}

Deoptimization events (20 events):
Event: 1.111 Thread 0x000001dff3e31160 Uncommon trap: trap_request=0xffffff45 fr.pc=0x000001df87b03378 relative=0x00000000000000d8
Event: 1.111 Thread 0x000001dff3e31160 Uncommon trap: reason=unstable_if action=reinterpret pc=0x000001df87b03378 method=sun.reflect.generics.parser.SignatureParser.current()C @ 39 c2
Event: 1.111 Thread 0x000001dff3e31160 DEOPT PACKING pc=0x000001df87b03378 sp=0x00000084196fb7e0
Event: 1.111 Thread 0x000001dff3e31160 DEOPT UNPACKING pc=0x000001df800523a3 sp=0x00000084196fb778 mode 2
Event: 1.128 Thread 0x000001dff3e31160 Uncommon trap: trap_request=0xffffffde fr.pc=0x000001df87b53148 relative=0x0000000000000128
Event: 1.128 Thread 0x000001dff3e31160 Uncommon trap: reason=class_check action=maybe_recompile pc=0x000001df87b53148 method=jdk.internal.misc.Unsafe.allocateUninitializedArray(Ljava/lang/Class;I)Ljava/lang/Object; @ 51 c2
Event: 1.128 Thread 0x000001dff3e31160 DEOPT PACKING pc=0x000001df87b53148 sp=0x00000084196fbf50
Event: 1.128 Thread 0x000001dff3e31160 DEOPT UNPACKING pc=0x000001df800523a3 sp=0x00000084196fbed8 mode 2
Event: 1.128 Thread 0x000001dff3e31160 Uncommon trap: trap_request=0xffffffde fr.pc=0x000001df87b53148 relative=0x0000000000000128
Event: 1.128 Thread 0x000001dff3e31160 Uncommon trap: reason=class_check action=maybe_recompile pc=0x000001df87b53148 method=jdk.internal.misc.Unsafe.allocateUninitializedArray(Ljava/lang/Class;I)Ljava/lang/Object; @ 51 c2
Event: 1.128 Thread 0x000001dff3e31160 DEOPT PACKING pc=0x000001df87b53148 sp=0x00000084196fb910
Event: 1.128 Thread 0x000001dff3e31160 DEOPT UNPACKING pc=0x000001df800523a3 sp=0x00000084196fb898 mode 2
Event: 1.128 Thread 0x000001dff3e31160 Uncommon trap: trap_request=0xffffffde fr.pc=0x000001df87b53148 relative=0x0000000000000128
Event: 1.129 Thread 0x000001dff3e31160 Uncommon trap: reason=class_check action=maybe_recompile pc=0x000001df87b53148 method=jdk.internal.misc.Unsafe.allocateUninitializedArray(Ljava/lang/Class;I)Ljava/lang/Object; @ 51 c2
Event: 1.129 Thread 0x000001dff3e31160 DEOPT PACKING pc=0x000001df87b53148 sp=0x00000084196fb910
Event: 1.129 Thread 0x000001dff3e31160 DEOPT UNPACKING pc=0x000001df800523a3 sp=0x00000084196fb898 mode 2
Event: 1.129 Thread 0x000001dff3e31160 Uncommon trap: trap_request=0xffffffde fr.pc=0x000001df87b53148 relative=0x0000000000000128
Event: 1.129 Thread 0x000001dff3e31160 Uncommon trap: reason=class_check action=maybe_recompile pc=0x000001df87b53148 method=jdk.internal.misc.Unsafe.allocateUninitializedArray(Ljava/lang/Class;I)Ljava/lang/Object; @ 51 c2
Event: 1.129 Thread 0x000001dff3e31160 DEOPT PACKING pc=0x000001df87b53148 sp=0x00000084196fbb50
Event: 1.129 Thread 0x000001dff3e31160 DEOPT UNPACKING pc=0x000001df800523a3 sp=0x00000084196fbad8 mode 2

Classes loaded (20 events):
Event: 1.121 Loading class sun/reflect/generics/reflectiveObjects/WildcardTypeImpl
Event: 1.121 Loading class java/lang/reflect/WildcardType
Event: 1.121 Loading class java/lang/reflect/WildcardType done
Event: 1.121 Loading class sun/reflect/generics/reflectiveObjects/WildcardTypeImpl done
Event: 1.121 Loading class sun/reflect/generics/tree/TypeVariableSignature
Event: 1.121 Loading class sun/reflect/generics/tree/TypeVariableSignature done
Event: 1.125 Loading class java/util/Currency
Event: 1.125 Loading class java/util/Currency done
Event: 1.126 Loading class java/util/UUID
Event: 1.126 Loading class java/util/UUID done
Event: 1.137 Loading class java/time/ZonedDateTime
Event: 1.137 Loading class java/time/chrono/ChronoZonedDateTime
Event: 1.138 Loading class java/time/chrono/ChronoZonedDateTime done
Event: 1.138 Loading class java/time/ZonedDateTime done
Event: 1.146 Loading class java/math/BigDecimal
Event: 1.147 Loading class java/math/BigDecimal done
Event: 1.147 Loading class java/text/ParseException
Event: 1.147 Loading class java/text/ParseException done
Event: 1.159 Loading class java/time/OffsetDateTime
Event: 1.159 Loading class java/time/OffsetDateTime done

Classes unloaded (0 events):
No events

Classes redefined (0 events):
No events

Internal exceptions (20 events):
Event: 0.574 Thread 0x000001dff3e31160 Exception <a 'java/lang/IncompatibleClassChangeError'{0x000000071111d0d8}: Found class java.lang.Object, but interface was expected> (0x000000071111d0d8) 
thrown [t:\workspace\open\src\hotspot\share\interpreter\linkResolver.cpp, line 833]
Event: 0.579 Thread 0x000001dff3e31160 Exception <a 'java/lang/IncompatibleClassChangeError'{0x00000007111442d0}: Found class java.lang.Object, but interface was expected> (0x00000007111442d0) 
thrown [t:\workspace\open\src\hotspot\share\interpreter\linkResolver.cpp, line 833]
Event: 0.582 Thread 0x000001dff3e31160 Exception <a 'java/lang/NoSuchMethodError'{0x0000000711160840}: 'java.lang.Object java.lang.invoke.DirectMethodHandle$Holder.invokeStatic(java.lang.Object, java.lang.Object, int)'> (0x0000000711160840) 
thrown [t:\workspace\open\src\hotspot\share\interpreter\linkResolver.cpp, line 766]
Event: 0.593 Thread 0x000001dff3e31160 Exception <a 'java/lang/NoSuchMethodError'{0x00000007111b6ca8}: 'void java.lang.invoke.DirectMethodHandle$Holder.invokeSpecial(java.lang.Object, java.lang.Object, java.lang.Object, java.lang.Object, java.lang.Object)'> (0x00000007111b6ca8) 
thrown [t:\workspace\open\src\hotspot\share\interpreter\linkResolver.cpp, line 766]
Event: 0.602 Thread 0x000001dff3e31160 Exception <a 'java/lang/NoSuchMethodError'{0x0000000710e05148}: 'void java.lang.invoke.DirectMethodHandle$Holder.invokeInterface(java.lang.Object, java.lang.Object, java.lang.Object, java.lang.Object)'> (0x0000000710e05148) 
thrown [t:\workspace\open\src\hotspot\share\interpreter\linkResolver.cpp, line 766]
Event: 0.602 Thread 0x000001dff3e31160 Exception <a 'java/lang/IncompatibleClassChangeError'{0x0000000710e08890}: Found class java.lang.Object, but interface was expected> (0x0000000710e08890) 
thrown [t:\workspace\open\src\hotspot\share\interpreter\linkResolver.cpp, line 833]
Event: 0.605 Thread 0x000001dff3e31160 Exception <a 'java/lang/NoSuchMethodError'{0x0000000710e1e020}: 'void java.lang.invoke.DirectMethodHandle$Holder.invokeStatic(java.lang.Object, java.lang.Object, java.lang.Object, java.lang.Object)'> (0x0000000710e1e020) 
thrown [t:\workspace\open\src\hotspot\share\interpreter\linkResolver.cpp, line 766]
Event: 0.607 Thread 0x000001dff3e31160 Exception <a 'java/lang/NoSuchMethodError'{0x0000000710e2ef10}: 'java.lang.Object java.lang.invoke.DirectMethodHandle$Holder.newInvokeSpecial(java.lang.Object, java.lang.Object, int)'> (0x0000000710e2ef10) 
thrown [t:\workspace\open\src\hotspot\share\interpreter\linkResolver.cpp, line 766]
Event: 0.621 Thread 0x000001dff3e31160 Exception <a 'java/lang/NoSuchMethodError'{0x0000000710e93ce0}: 'java.lang.Object java.lang.invoke.DirectMethodHandle$Holder.invokeStaticInit(java.lang.Object)'> (0x0000000710e93ce0) 
thrown [t:\workspace\open\src\hotspot\share\interpreter\linkResolver.cpp, line 766]
Event: 0.626 Thread 0x000001dff3e31160 Exception <a 'java/lang/NoSuchMethodError'{0x0000000710ebf540}: 'int java.lang.invoke.DirectMethodHandle$Holder.invokeStatic(java.lang.Object, java.lang.Object, java.lang.Object, java.lang.Object)'> (0x0000000710ebf540) 
thrown [t:\workspace\open\src\hotspot\share\interpreter\linkResolver.cpp, line 766]
Event: 0.627 Thread 0x000001dff3e31160 Exception <a 'java/lang/NoSuchMethodError'{0x0000000710ec2ec0}: 'java.lang.Object java.lang.invoke.Invokers$Holder.invokeExact_MT(java.lang.Object, java.lang.Object, java.lang.Object, java.lang.Object, java.lang.Object, java.lang.Object)'> (0x0000000710ec2ec0) 
thrown [t:\workspace\open\src\hotspot\share\interpreter\linkResolver.cpp, line 766]
Event: 0.628 Thread 0x000001dff3e31160 Exception <a 'java/lang/NoSuchMethodError'{0x0000000710ed26c8}: 'int java.lang.invoke.DirectMethodHandle$Holder.invokeStatic(java.lang.Object, java.lang.Object, java.lang.Object, java.lang.Object, java.lang.Object)'> (0x0000000710ed26c8) 
thrown [t:\workspace\open\src\hotspot\share\interpreter\linkResolver.cpp, line 766]
Event: 0.636 Thread 0x000001dff3e31160 Exception <a 'java/lang/NoSuchMethodError'{0x0000000710f19a00}: 'void java.lang.invoke.DirectMethodHandle$Holder.invokeStaticInit(java.lang.Object)'> (0x0000000710f19a00) 
thrown [t:\workspace\open\src\hotspot\share\interpreter\linkResolver.cpp, line 766]
Event: 0.761 Thread 0x000001dff3e31160 Exception <a 'java/lang/ClassNotFoundException'{0x00000007120a1a70}: javax/smartcardio/CardPermission> (0x00000007120a1a70) 
thrown [t:\workspace\open\src\hotspot\share\classfile\systemDictionary.cpp, line 255]
Event: 0.764 Thread 0x000001dff3e31160 Exception <a 'java/io/FileNotFoundException'{0x00000007120b0598}> (0x00000007120b0598) 
thrown [t:\workspace\open\src\hotspot\share\prims\jni.cpp, line 516]
Event: 0.845 Thread 0x000001dff3e31160 Exception <a 'java/lang/NoSuchMethodError'{0x0000000711ee2cd0}: 'org.slf4j.impl.StaticMDCBinder org.slf4j.impl.StaticMDCBinder.getSingleton()'> (0x0000000711ee2cd0) 
thrown [t:\workspace\open\src\hotspot\share\interpreter\linkResolver.cpp, line 766]
Event: 0.856 Thread 0x000001dff3e31160 Exception <a 'java/lang/IncompatibleClassChangeError'{0x0000000711f4a048}: Found class java.lang.Object, but interface was expected> (0x0000000711f4a048) 
thrown [t:\workspace\open\src\hotspot\share\interpreter\linkResolver.cpp, line 833]
Event: 0.869 Thread 0x000001dff3e31160 Exception <a 'java/lang/NoSuchMethodError'{0x0000000711fe74b8}: 'int java.lang.invoke.DirectMethodHandle$Holder.invokeStaticInit(java.lang.Object, java.lang.Object, java.lang.Object)'> (0x0000000711fe74b8) 
thrown [t:\workspace\open\src\hotspot\share\interpreter\linkResolver.cpp, line 766]
Event: 0.895 Thread 0x000001dff3e31160 Exception <a 'java/lang/NoSuchMethodError'{0x0000000711cf0980}: 'int java.lang.invoke.DirectMethodHandle$Holder.invokeInterface(java.lang.Object, java.lang.Object)'> (0x0000000711cf0980) 
thrown [t:\workspace\open\src\hotspot\share\interpreter\linkResolver.cpp, line 766]
Event: 1.078 Thread 0x000001dff3e31160 Exception <a 'java/lang/NoSuchMethodError'{0x000000071149c2f0}: 'void java.lang.invoke.DirectMethodHandle$Holder.invokeVirtual(java.lang.Object, java.lang.Object, java.lang.Object, java.lang.Object)'> (0x000000071149c2f0) 
thrown [t:\workspace\open\src\hotspot\share\interpreter\linkResolver.cpp, line 766]

VM Operations (20 events):
Event: 0.306 Executing VM operation: HandshakeAllThreads
Event: 0.306 Executing VM operation: HandshakeAllThreads done
Event: 0.333 Executing VM operation: HandshakeAllThreads
Event: 0.333 Executing VM operation: HandshakeAllThreads done
Event: 0.596 Executing VM operation: HandshakeAllThreads
Event: 0.596 Executing VM operation: HandshakeAllThreads done
Event: 0.722 Executing VM operation: G1CollectForAllocation
Event: 0.736 Executing VM operation: G1CollectForAllocation done
Event: 0.767 Executing VM operation: HandshakeAllThreads
Event: 0.767 Executing VM operation: HandshakeAllThreads done
Event: 0.827 Executing VM operation: HandshakeAllThreads
Event: 0.827 Executing VM operation: HandshakeAllThreads done
Event: 0.855 Executing VM operation: HandshakeAllThreads
Event: 0.855 Executing VM operation: HandshakeAllThreads done
Event: 0.855 Executing VM operation: HandshakeAllThreads
Event: 0.855 Executing VM operation: HandshakeAllThreads done
Event: 0.898 Executing VM operation: HandshakeAllThreads
Event: 0.898 Executing VM operation: HandshakeAllThreads done
Event: 0.990 Executing VM operation: HandshakeAllThreads
Event: 0.990 Executing VM operation: HandshakeAllThreads done

Events (20 events):
Event: 0.037 Thread 0x000001dfffc4ac70 Thread added: 0x000001dfffc4ac70
Event: 0.037 Thread 0x000001dfffc4b520 Thread added: 0x000001dfffc4b520
Event: 0.037 Thread 0x000001dfffc4dde0 Thread added: 0x000001dfffc4dde0
Event: 0.037 Thread 0x000001dfffc4e7d0 Thread added: 0x000001dfffc4e7d0
Event: 0.037 Thread 0x000001dfffc52b30 Thread added: 0x000001dfffc52b30
Event: 0.037 Thread 0x000001dfffc5b570 Thread added: 0x000001dfffc5b570
Event: 0.038 Thread 0x000001dfffc67650 Thread added: 0x000001dfffc67650
Event: 0.132 Thread 0x000001df9b04ba60 Thread added: 0x000001df9b04ba60
Event: 0.154 Loaded shared library C:\Program Files\Java\jdk-18\bin\zip.dll
Event: 0.157 Loaded shared library C:\Program Files\Java\jdk-18\bin\instrument.dll
Event: 0.161 Loaded shared library C:\Program Files\Java\jdk-18\bin\net.dll
Event: 0.163 Loaded shared library C:\Program Files\Java\jdk-18\bin\nio.dll
Event: 0.165 Loaded shared library C:\Program Files\Java\jdk-18\bin\zip.dll
Event: 0.178 Loaded shared library D:\my\IntelliJ IDEA 2021.3.2\bin\breakgen64.dll
Event: 0.178 Thread 0x000001df9b253990 Thread added: 0x000001df9b253990
Event: 0.178 Thread 0x000001df9b198b80 Thread added: 0x000001df9b198b80
Event: 0.272 Loaded shared library C:\Program Files\Java\jdk-18\bin\jimage.dll
Event: 0.468 Thread 0x000001df9b721940 Thread added: 0x000001df9b721940
Event: 0.715 Loaded shared library C:\Program Files\Java\jdk-18\bin\verify.dll
Event: 1.053 Thread 0x000001df9bf0a9a0 Thread added: 0x000001df9bf0a9a0


Dynamic libraries:
0x00007ff7b5530000 - 0x00007ff7b5540000 	C:\Program Files\Java\jdk-18\bin\java.exe
0x00007ff8a8b10000 - 0x00007ff8a8d08000 	C:\WINDOWS\SYSTEM32\ntdll.dll
0x00007ff8a8110000 - 0x00007ff8a81cd000 	C:\WINDOWS\System32\KERNEL32.DLL
0x00007ff8a6820000 - 0x00007ff8a6aee000 	C:\WINDOWS\System32\KERNELBASE.dll
0x00007ff8a6490000 - 0x00007ff8a6590000 	C:\WINDOWS\System32\ucrtbase.dll
0x00007ff86bcd0000 - 0x00007ff86bce8000 	C:\Program Files\Java\jdk-18\bin\jli.dll
0x00007ff874940000 - 0x00007ff87495a000 	C:\Program Files\Java\jdk-18\bin\VCRUNTIME140.dll
0x00007ff8a72c0000 - 0x00007ff8a736e000 	C:\WINDOWS\System32\ADVAPI32.dll
0x00007ff8a8600000 - 0x00007ff8a869e000 	C:\WINDOWS\System32\msvcrt.dll
0x00007ff8a8840000 - 0x00007ff8a88dc000 	C:\WINDOWS\System32\sechost.dll
0x00007ff8a7fd0000 - 0x00007ff8a80f5000 	C:\WINDOWS\System32\RPCRT4.dll
0x00007ff8a7440000 - 0x00007ff8a75e0000 	C:\WINDOWS\System32\USER32.dll
0x00007ff8a6460000 - 0x00007ff8a6482000 	C:\WINDOWS\System32\win32u.dll
0x00007ff898340000 - 0x00007ff8985da000 	C:\WINDOWS\WinSxS\amd64_microsoft.windows.common-controls_6595b64144ccf1df_6.0.19041.1110_none_60b5254171f9507e\COMCTL32.dll
0x00007ff8a8aa0000 - 0x00007ff8a8aca000 	C:\WINDOWS\System32\GDI32.dll
0x00007ff8a62a0000 - 0x00007ff8a63ab000 	C:\WINDOWS\System32\gdi32full.dll
0x00007ff8a66f0000 - 0x00007ff8a678d000 	C:\WINDOWS\System32\msvcp_win.dll
0x00007ff89c0b0000 - 0x00007ff89c0ba000 	C:\WINDOWS\SYSTEM32\VERSION.dll
0x00007ff8a7410000 - 0x00007ff8a7440000 	C:\WINDOWS\System32\IMM32.DLL
0x00007ff87ffb0000 - 0x00007ff87ffbc000 	C:\Program Files\Java\jdk-18\bin\vcruntime140_1.dll
0x00007ff86b590000 - 0x00007ff86b61d000 	C:\Program Files\Java\jdk-18\bin\msvcp140.dll
0x00007ff813870000 - 0x00007ff814481000 	C:\Program Files\Java\jdk-18\bin\server\jvm.dll
0x00007ff8a7400000 - 0x00007ff8a7408000 	C:\WINDOWS\System32\PSAPI.DLL
0x00007ff8979b0000 - 0x00007ff8979d7000 	C:\WINDOWS\SYSTEM32\WINMM.dll
0x00007ff884460000 - 0x00007ff884469000 	C:\WINDOWS\SYSTEM32\WSOCK32.dll
0x00007ff8a81d0000 - 0x00007ff8a823b000 	C:\WINDOWS\System32\WS2_32.dll
0x00007ff8a4ad0000 - 0x00007ff8a4ae2000 	C:\WINDOWS\SYSTEM32\kernel.appcore.dll
0x00007ff87ce80000 - 0x00007ff87ce8a000 	C:\Program Files\Java\jdk-18\bin\jimage.dll
0x00007ff8a46a0000 - 0x00007ff8a4884000 	C:\WINDOWS\SYSTEM32\DBGHELP.DLL
0x00007ff899410000 - 0x00007ff89943c000 	C:\WINDOWS\SYSTEM32\dbgcore.DLL
0x00007ff8a6790000 - 0x00007ff8a6812000 	C:\WINDOWS\System32\bcryptPrimitives.dll
0x00007ff89da20000 - 0x00007ff89da2e000 	C:\Program Files\Java\jdk-18\bin\instrument.dll
0x00007ff86bca0000 - 0x00007ff86bcc5000 	C:\Program Files\Java\jdk-18\bin\java.dll
0x00007ff83f3c0000 - 0x00007ff83f496000 	C:\Program Files\Java\jdk-18\bin\jsvml.dll
0x00007ff8a6b70000 - 0x00007ff8a72b4000 	C:\WINDOWS\System32\SHELL32.dll
0x00007ff8a3e40000 - 0x00007ff8a45d4000 	C:\WINDOWS\SYSTEM32\windows.storage.dll
0x00007ff8a8240000 - 0x00007ff8a8594000 	C:\WINDOWS\System32\combase.dll
0x00007ff8a5bb0000 - 0x00007ff8a5be0000 	C:\WINDOWS\SYSTEM32\Wldp.dll
0x00007ff8a7f20000 - 0x00007ff8a7fcd000 	C:\WINDOWS\System32\SHCORE.dll
0x00007ff8a85a0000 - 0x00007ff8a85f5000 	C:\WINDOWS\System32\shlwapi.dll
0x00007ff8a6170000 - 0x00007ff8a618f000 	C:\WINDOWS\SYSTEM32\profapi.dll
0x00007ff86bac0000 - 0x00007ff86bad8000 	C:\Program Files\Java\jdk-18\bin\zip.dll
0x00007ff86bb00000 - 0x00007ff86bb13000 	C:\Program Files\Java\jdk-18\bin\net.dll
0x00007ff89afa0000 - 0x00007ff89b0aa000 	C:\WINDOWS\SYSTEM32\WINHTTP.dll
0x00007ff8a5990000 - 0x00007ff8a59fa000 	C:\WINDOWS\system32\mswsock.dll
0x00007ff86bae0000 - 0x00007ff86baf6000 	C:\Program Files\Java\jdk-18\bin\nio.dll
0x00007ff89da00000 - 0x00007ff89da1a000 	D:\my\IntelliJ IDEA 2021.3.2\bin\breakgen64.dll
0x00007ff879b10000 - 0x00007ff879b20000 	C:\Program Files\Java\jdk-18\bin\verify.dll

dbghelp: loaded successfully - version: 4.0.5 - missing functions: none
symbol engine: initialized successfully - sym options: 0x614 - pdb path: .;C:\Program Files\Java\jdk-18\bin;C:\WINDOWS\SYSTEM32;C:\WINDOWS\WinSxS\amd64_microsoft.windows.common-controls_6595b64144ccf1df_6.0.19041.1110_none_60b5254171f9507e;C:\Program Files\Java\jdk-18\bin\server;D:\my\IntelliJ IDEA 2021.3.2\bin

VM Arguments:
jvm_args: -ea -Didea.test.cyclic.buffer.size=1048576 -javaagent:D:\my\IntelliJ IDEA 2021.3.2\lib\idea_rt.jar=60810:D:\my\IntelliJ IDEA 2021.3.2\bin -Dfile.encoding=UTF-8 
java_command: com.intellij.rt.junit.JUnitStarter -ideVersion5 -junit5 com.example.demo.service.PersonServiceTest
java_class_path (initial): C:\Users\User\.m2\repository\org\junit\platform\junit-platform-launcher\1.8.2\junit-platform-launcher-1.8.2.jar;D:\my\IntelliJ IDEA 2021.3.2\lib\idea_rt.jar;D:\my\IntelliJ IDEA 2021.3.2\plugins\junit\lib\junit5-rt.jar;D:\my\IntelliJ IDEA 2021.3.2\plugins\junit\lib\junit-rt.jar;D:\demo\target\test-classes;D:\demo\target\classes;C:\Users\User\.m2\repository\org\springframework\boot\spring-boot-starter-web\2.7.2\spring-boot-starter-web-2.7.2.jar;C:\Users\User\.m2\repository\org\springframework\boot\spring-boot-starter\2.7.2\spring-boot-starter-2.7.2.jar;C:\Users\User\.m2\repository\org\springframework\boot\spring-boot\2.7.2\spring-boot-2.7.2.jar;C:\Users\User\.m2\repository\org\springframework\boot\spring-boot-autoconfigure\2.7.2\spring-boot-autoconfigure-2.7.2.jar;C:\Users\User\.m2\repository\org\springframework\boot\spring-boot-starter-logging\2.7.2\spring-boot-starter-logging-2.7.2.jar;C:\Users\User\.m2\repository\ch\qos\logback\logback-classic\1.2.11\logback-classic-1.2.11.jar;C:\Users\User\.m2\repository\ch\qos\logback\logback-core\1.2.11\logback-core-1.2.11.jar;C:\Users\User\.m2\repository\org\apache\logging\log4j\log4j-to-slf4j\2.17.2\log4j-to-slf4j-2.17.2.jar;C:\Users\User\.m2\repository\org\apache\logging\log4j\log4j-api\2.17.2\log4j-api-2.17.2.jar;C:\Users\User\.m2\repository\org\slf4j\jul-to-slf4j\1.7.36\jul-to-slf4j-1.7.36.jar;C:\Users\User\.m2\repository\jakarta\annotation\jakarta.annotation-api\1.3.5\jakarta.annotation-api-1.3.5.jar;C:\Users\User\.m2\repository\org\yaml\snakeyaml\1.30\snakeyaml-1.30.jar;C:\Users\User\.m2\repository\org\springframework\boot\spring-boot-starter-json\2.7.2\spring-boot-starter-json-2.7.2.jar;C:\Users\User\.m2\repository\com\fasterxml\jackson\core\jackson-databind\2.13.3\jackson-databind-2.13.3.jar;C:\Users\User\.m2\repository\com\fasterxml\jackson\core\jackson-annotations\2.13.3\jackson-annotations-2.13.3.jar;C:\Users\User\.m2\repository\com\fasterxml\jackson\core\jackson-core\2.13.3\jackson-core-2.13.3.jar;C:\Users\User\.m2\repository\com\fasterxml\jackson\datatype\jackson-datatype-jdk8\2.13.3\jackson-datatype-jdk8-2.13.3.jar;C:\Users\User\.m2\repository\com\fasterxml\jackson\datatype\jackson-datatype-jsr310\2.13.3\jackson-datatype-jsr310-2.13.3.jar;C:\Users\User\.m2\repository\com\fasterxml\jackson\module\jackson-module-parameter-names\2.13.3\jackson-module-parameter-names-2.13.3.jar;C:\Users\User\.m2\repository\org\springframework\boot\spring-boot-starter-tomcat\2.7.2\spring-boot-starter-tomcat-2.7.2.jar;C:\Users\User\.m2\repository\org\apache\tomcat\embed\tomcat-embed-core\9.0.65\tomcat-embed-core-9.0.65.jar;C:\Users\User\.m2\repository\org\apache\tomcat\embed\tomcat-embed-el\9.0.65\tomcat-embed-el-9.0.65.jar;C:\Users\User\.m2\repository\org\apache\tomcat\embed\tomcat-embed-websocket\9.0.65\tomcat-embed-websocket-9.0.65.jar;C:\Users\User\.m2\repository\org\springframework\spring-web\5.3.22\spring-web-5.3.22.jar;C:\Users\User\.m2\repository\org\springframework\spring-beans\5.3.22\spring-beans-5.3.22.jar;C:\Users\User\.m2\repository\org\springframework\spring-webmvc\5.3.22\spring-webmvc-5.3.22.jar;C:\Users\User\.m2\repository\org\springframework\spring-aop\5.3.22\spring-aop-5.3.22.jar;C:\Users\User\.m2\repository\org\springframework\spring-context\5.3.22\spring-context-5.3.22.jar;C:\Users\User\.m2\repository\org\springframework\spring-expression\5.3.22\spring-expression-5.3.22.jar;C:\Users\User\.m2\repository\org\postgresql\postgresql\42.3.6\postgresql-42.3.6.jar;C:\Users\User\.m2\repository\org\checkerframework\checker-qual\3.5.0\checker-qual-3.5.0.jar;C:\Users\User\.m2\repository\org\springframework\boot\spring-boot-starter-test\2.7.2\spring-boot-starter-test-2.7.2.jar;C:\Users\User\.m2\repository\org\springframework\boot\spring-boot-test\2.7.2\spring-boot-test-2.7.2.jar;C:\Users\User\.m2\repository\org\springframework\boot\spring-boot-test-autoconfigure\2.7.2\spring-boot-test-autoconfigure-2.7.2.jar;C:\Users\User\.m2\repository\com\jayway\jsonpath\json-path\2.7.0\json-path-2.7.0.jar;C:\Users\User\.m2\repository\net\minidev\json-smart\2.4.8\json-smart-2.4.8.jar;C:\Users\User\.m2\repository\net\minidev\accessors-smart\2.4.8\accessors-smart-2.4.8.jar;C:\Users\User\.m2\repository\org\ow2\asm\asm\9.1\asm-9.1.jar;C:\Users\User\.m2\repository\org\slf4j\slf4j-api\1.7.36\slf4j-api-1.7.36.jar;C:\Users\User\.m2\repository\jakarta\xml\bind\jakarta.xml.bind-api\2.3.3\jakarta.xml.bind-api-2.3.3.jar;C:\Users\User\.m2\repository\jakarta\activation\jakarta.activation-api\1.2.2\jakarta.activation-api-1.2.2.jar;C:\Users\User\.m2\repository\org\assertj\assertj-core\3.22.0\assertj-core-3.22.0.jar;C:\Users\User\.m2\repository\org\hamcrest\hamcrest\2.2\hamcrest-2.2.jar;C:\Users\User\.m2\repository\org\junit\jupiter\junit-jupiter\5.8.2\junit-jupiter-5.8.2.jar;C:\Users\User\.m2\repository\org\junit\jupiter\junit-jupiter-api\5.8.2\junit-jupiter-api-5.8.2.jar;C:\Users\User\.m2\repository\org\opentest4j\opentest4j\1.2.0\opentest4j-1.2.0.jar;C:\Users\User\.m2\repository\org\junit\platform\junit-platform-commons\1.8.2\junit-platform-commons-1.8.2.jar;C:\Users\User\.m2\repository\org\apiguardian\apiguardian-api\1.1.2\apiguardian-api-1.1.2.jar;C:\Users\User\.m2\repository\org\junit\jupiter\junit-jupiter-params\5.8.2\junit-jupiter-params-5.8.2.jar;C:\Users\User\.m2\repository\org\junit\jupiter\junit-jupiter-engine\5.8.2\junit-jupiter-engine-5.8.2.jar;C:\Users\User\.m2\repository\org\junit\platform\junit-platform-engine\1.8.2\junit-platform-engine-1.8.2.jar;C:\Users\User\.m2\repository\org\mockito\mockito-core\4.5.1\mockito-core-4.5.1.jar;C:\Users\User\.m2\repository\net\bytebuddy\byte-buddy\1.12.12\byte-buddy-1.12.12.jar;C:\Users\User\.m2\repository\net\bytebuddy\byte-buddy-agent\1.12.12\byte-buddy-agent-1.12.12.jar;C:\Users\User\.m2\repository\org\objenesis\objenesis\3.2\objenesis-3.2.jar;C:\Users\User\.m2\repository\org\mockito\mockito-junit-jupiter\4.5.1\mockito-junit-jupiter-4.5.1.jar;C:\Users\User\.m2\repository\org\skyscreamer\jsonassert\1.5.1\jsonassert-1.5.1.jar;C:\Users\User\.m2\repository\com\vaadin\external\google\android-json\0.0.20131108.vaadin1\android-json-0.0.20131108.vaadin1.jar;C:\Users\User\.m2\repository\org\springframework\spring-core\5.3.22\spring-core-5.3.22.jar;C:\Users\User\.m2\repository\org\springframework\spring-jcl\5.3.22\spring-jcl-5.3.22.jar;C:\Users\User\.m2\repository\org\springframework\spring-test\5.3.22\spring-test-5.3.22.jar;C:\Users\User\.m2\repository\org\xmlunit\xmlunit-core\2.9.0\xmlunit-core-2.9.0.jar;C:\Users\User\.m2\repository\org\springframework\restdocs\spring-restdocs-mockmvc\2.0.6.RELEASE\spring-restdocs-mockmvc-2.0.6.RELEASE.jar;C:\Users\User\.m2\repository\org\springframework\restdocs\spring-restdocs-core\2.0.6.RELEASE\spring-restdocs-core-2.0.6.RELEASE.jar;C:\Users\User\.m2\repository\javax\servlet\javax.servlet-api\4.0.1\javax.servlet-api-4.0.1.jar;C:\Users\User\.m2\repository\org\projectlombok\lombok\1.18.24\lombok-1.18.24.jar;C:\Users\User\.m2\repository\org\springframework\boot\spring-boot-starter-data-jpa\2.7.2\spring-boot-starter-data-jpa-2.7.2.jar;C:\Users\User\.m2\repository\org\springframework\boot\spring-boot-starter-aop\2.7.2\spring-boot-starter-aop-2.7.2.jar;C:\Users\User\.m2\repository\org\aspectj\aspectjweaver\1.9.7\aspectjweaver-1.9.7.jar;C:\Users\User\.m2\repository\org\springframework\boot\spring-boot-starter-jdbc\2.7.2\spring-boot-starter-jdbc-2.7.2.jar;C:\Users\User\.m2\repository\com\zaxxer\HikariCP\4.0.3\HikariCP-4.0.3.jar;C:\Users\User\.m2\repository\org\springframework\spring-jdbc\5.3.22\spring-jdbc-5.3.22.jar;C:\Users\User\.m2\repository\jakarta\transaction\jakarta.transaction-api\1.3.3\jakarta.transaction-api-1.3.3.jar;C:\Users\User\.m2\repository\jakarta\persistence\jakarta.persistence-api\2.2.3\jakarta.persistence-api-2.2.3.jar;C:\Users\User\.m2\repository\org\hibernate\hibernate-core\5.6.10.Final\hibernate-core-5.6.10.Final.jar;C:\Users\User\.m2\repository\org\jboss\logging\jboss-logging\3.4.3.Final\jboss-logging-3.4.3.Final.jar;C:\Users\User\.m2\repository\antlr\antlr\2.7.7\antlr-2.7.7.jar;C:\Users\User\.m2\repository\org\jboss\jandex\2.4.2.Final\jandex-2.4.2.Final.jar;C:\Users\User\.m2\repository\com\fasterxml\classmate\1.5.1\classmate-1.5.1.jar;C:\Users\User\.m2\repository\org\hibernate\common\hibernate-commons-annotations\5.1.2.Final\hibernate-commons-annotations-5.1.2.Final.jar;C:\Users\User\.m2\repository\org\glassfish\jaxb\jaxb-runtime\2.3.6\jaxb-runtime-2.3.6.jar;C:\Users\User\.m2\repository\org\glassfish\jaxb\txw2\2.3.6\txw2-2.3.6.jar;C:\Users\User\.m2\repository\com\sun\istack\istack-commons-runtime\3.0.12\istack-commons-runtime-3.0.12.jar;C:\Users\User\.m2\repository\com\sun\activation\jakarta.activation\1.2.2\jakarta.activation-1.2.2.jar;C:\Users\User\.m2\repository\org\springframework\data\spring-data-jpa\2.7.2\spring-data-jpa-2.7.2.jar;C:\Users\User\.m2\repository\org\springframework\data\spring-data-commons\2.7.2\spring-data-commons-2.7.2.jar;C:\Users\User\.m2\repository\org\springframework\spring-orm\5.3.22\spring-orm-5.3.22.jar;C:\Users\User\.m2\repository\org\springframework\spring-tx\5.3.22\spring-tx-5.3.22.jar;C:\Users\User\.m2\repository\org\springframework\spring-aspects\5.3.22\spring-aspects-5.3.22.jar
Launcher Type: SUN_STANDARD

[Global flags]
     intx CICompilerCount                          = 4                                         {product} {ergonomic}
     uint ConcGCThreads                            = 2                                         {product} {ergonomic}
     uint G1ConcRefinementThreads                  = 8                                         {product} {ergonomic}
   size_t G1HeapRegionSize                         = 2097152                                   {product} {ergonomic}
    uintx GCDrainStackTargetSize                   = 64                                        {product} {ergonomic}
   size_t InitialHeapSize                          = 266338304                                 {product} {ergonomic}
   size_t MarkStackSize                            = 4194304                                   {product} {ergonomic}
   size_t MaxHeapSize                              = 4257218560                                {product} {ergonomic}
   size_t MaxNewSize                               = 2554331136                                {product} {ergonomic}
   size_t MinHeapDeltaBytes                        = 2097152                                   {product} {ergonomic}
   size_t MinHeapSize                              = 8388608                                   {product} {ergonomic}
    uintx NonNMethodCodeHeapSize                   = 5839372                                {pd product} {ergonomic}
    uintx NonProfiledCodeHeapSize                  = 122909434                              {pd product} {ergonomic}
    uintx ProfiledCodeHeapSize                     = 122909434                              {pd product} {ergonomic}
    uintx ReservedCodeCacheSize                    = 251658240                              {pd product} {ergonomic}
     bool SegmentedCodeCache                       = true                                      {product} {ergonomic}
   size_t SoftMaxHeapSize                          = 4257218560                             {manageable} {ergonomic}
     bool UseCompressedClassPointers               = true                           {product lp64_product} {ergonomic}
     bool UseCompressedOops                        = true                           {product lp64_product} {ergonomic}
     bool UseG1GC                                  = true                                      {product} {ergonomic}
     bool UseLargePagesIndividualAllocation        = false                                  {pd product} {ergonomic}

Logging:
Log output configuration:
 #0: stdout all=warning uptime,level,tags foldmultilines=false
 #1: stderr all=off uptime,level,tags foldmultilines=false

Environment Variables:
JAVA_HOME=C:\Program Files\Java\jdk-18.0.0
PATH=C:\Program Files\Common Files\Oracle\Java\javapath;C:\Program Files (x86)\Common Files\Oracle\Java\javapath;C:\Windows\system32;C:\Windows;C:\Windows\System32\Wbem;C:\Windows\System32\WindowsPowerShell\v1.0\;C:\Windows\System32\OpenSSH\;C:\Program Files (x86)\NVIDIA Corporation\PhysX\Common;C:\Program Files\NVIDIA Corporation\NVIDIA NvDLISR;C:\WINDOWS\system32;C:\WINDOWS;C:\WINDOWS\System32\Wbem;C:\WINDOWS\System32\WindowsPowerShell\v1.0\;C:\WINDOWS\System32\OpenSSH\;C:\Program Files\Docker\Docker\resources\bin;C:\ProgramData\DockerDesktop\version-bin;C:\Program Files\Git\cmd;C\cygwin64\bin;C:\cygwin\bin;C:\cygwin64\bin;C:\Program Files\Redis\;C:\Program Files\Java\jre1.8.0_241\bin;C:\Program Files\MySQL\MySQL Shell 8.0\bin\;C:\Users\User\AppData\Local\Microsoft\WindowsApps;C:\Gadle\gradle-7.4.2\bin;;C:\Users\User\AppData\Local\Programs\Microsoft VS Code\bin;C:\Program Files\JetBrains\JetBrains Gateway 222.3048.1\bin;
USERNAME=User
OS=Windows_NT
PROCESSOR_IDENTIFIER=Intel64 Family 6 Model 142 Stepping 11, GenuineIntel



---------------  S Y S T E M  ---------------

OS:
 Windows 10 , 64 bit Build 19041 (10.0.19041.1806)
OS uptime: 3 days 19:23 hours
Hyper-V role detected

CPU: total 8 (initial active 8) (4 cores per cpu, 2 threads per core) family 6 model 142 stepping 11 microcode 0xb8, cx8, cmov, fxsr, ht, mmx, 3dnowpref, sse, sse2, sse3, ssse3, sse4.1, sse4.2, popcnt, lzcnt, tsc, tscinvbit, avx, avx2, aes, erms, clmul, bmi1, bmi2, adx, fma, vzeroupper, clflush, clflushopt, hv

Memory: 4k page, system-wide physical 16235M (2483M free)
TotalPageFile size 28564M (AvailPageFile size 2M)
current process WorkingSet (physical memory assigned to process): 91M, peak: 92M
current process commit charge ("private bytes"): 367M, peak: 369M

vm_info: Java HotSpot(TM) 64-Bit Server VM (18+36-2087) for windows-amd64 JRE (18+36-2087), built on Feb 15 2022 09:43:11 by "mach5one" with MS VC++ 16.8 / 16.9 (VS2019)

END.
